<?xml version="1.0" encoding="UTF-8"?>
<!-- Generated by org.testng.reporters.JUnitReportReporter -->
<testsuite hostname="HP_MAROOR" failures="0" tests="2" name="testscripts.ManageNewsTest" time="32.124" errors="0" timestamp="2025-06-26T20:54:46 IST" skipped="0">
  <testcase classname="testscripts.ManageNewsTest" name="clickOnMoreInfoInManageNews" time="23.145"/>
  <testcase classname="testscripts.ManageNewsTest" name="clickOnEditInManageNews" time="8.979"/>
</testsuite> <!-- testscripts.ManageNewsTest -->
