<?xml version="1.0" encoding="UTF-8"?>
<!-- Generated by org.testng.reporters.JUnitReportReporter -->
<testsuite hostname="HP_MAROOR" failures="0" tests="1" name="testscripts.LogOutTest" time="7.050" errors="0" timestamp="2025-06-26T20:54:46 IST" skipped="0">
  <testcase classname="testscripts.LogOutTest" name="clickOnLogOutButton" time="7.050"/>
</testsuite> <!-- testscripts.LogOutTest -->
