<?xml version="1.0" encoding="UTF-8"?>
<!-- Generated by org.testng.reporters.JUnitReportReporter -->
<testsuite hostname="HP_MAROOR" failures="0" tests="2" name="testscripts.ManageContactTest" time="17.181" errors="0" timestamp="2025-06-26T20:54:46 IST" skipped="0">
  <testcase classname="testscripts.ManageContactTest" name="ClickOnManageContactTab" time="10.316"/>
  <testcase classname="testscripts.ManageContactTest" name="VerifyUpdateButtonIsPresent" time="6.865"/>
</testsuite> <!-- testscripts.ManageContactTest -->
