<?xml version="1.0" encoding="UTF-8"?>
<!-- Generated by org.testng.reporters.JUnitReportReporter -->
<testsuite hostname="HP_MAROOR" failures="0" tests="2" name="testscripts.ManageNewsTest" time="7.779" errors="0" timestamp="2025-07-09T20:26:12 IST" skipped="0">
  <testcase classname="testscripts.ManageNewsTest" name="clickOnEditInManageNews" time="3.773"/>
  <testcase classname="testscripts.ManageNewsTest" name="clickOnMoreInfoInManageNews" time="4.006"/>
</testsuite> <!-- testscripts.ManageNewsTest -->
