<?xml version="1.0" encoding="UTF-8"?>
<!-- Generated by org.testng.reporters.JUnitReportReporter -->
<testsuite hostname="HP_MAROOR" failures="0" tests="2" name="testscripts.AdminUserTest" time="6.353" errors="0" timestamp="2025-07-09T20:26:12 IST" skipped="0">
  <testcase classname="testscripts.AdminUserTest" name="clickOnAdminUsersTab" time="2.784"/>
  <testcase classname="testscripts.AdminUserTest" name="updateExistingUserDetails" time="3.569"/>
</testsuite> <!-- testscripts.AdminUserTest -->
