<?xml version="1.0" encoding="UTF-8"?>
<!-- Generated by org.testng.reporters.JUnitReportReporter -->
<testsuite hostname="HP_MAROOR" failures="0" tests="1" name="testscripts.FooterTest" time="6.797" errors="0" timestamp="2025-06-26T20:54:46 IST" skipped="0">
  <testcase classname="testscripts.FooterTest" name="clickAndUpdateOnFooterTab" time="6.797"/>
</testsuite> <!-- testscripts.FooterTest -->
