<?xml version="1.0" encoding="UTF-8"?>
<!-- Generated by org.testng.reporters.JUnitReportReporter -->
<testsuite hostname="HP_MAROOR" failures="0" tests="2" name="testscripts.AdminUserTest" time="13.650" errors="0" timestamp="2025-06-26T20:54:46 IST" skipped="0">
  <testcase classname="testscripts.AdminUserTest" name="clickOnAdminUsersTab" time="7.023"/>
  <testcase classname="testscripts.AdminUserTest" name="updateExistingUserDetails" time="6.627"/>
</testsuite> <!-- testscripts.AdminUserTest -->
