<?xml version="1.0" encoding="UTF-8"?>
<!-- Generated by org.testng.reporters.JUnitReportReporter -->
<testsuite hostname="HP_MAROOR" failures="0" tests="2" name="testscripts.ManageContactTest" time="17.195" errors="0" timestamp="2025-07-10T16:08:55 IST" skipped="0">
  <testcase classname="testscripts.ManageContactTest" name="ClickOnManageContactTab" time="6.341"/>
  <testcase classname="testscripts.ManageContactTest" name="VerifyUpdateButtonIsPresent" time="10.854"/>
</testsuite> <!-- testscripts.ManageContactTest -->
