<?xml version="1.0" encoding="UTF-8"?>
<!-- Generated by org.testng.reporters.JUnitReportReporter -->
<testsuite hostname="HP_MAROOR" failures="0" tests="1" name="testscripts.HomeTest" time="2.949" errors="0" timestamp="2025-07-09T20:26:12 IST" skipped="0">
  <testcase classname="testscripts.HomeTest" name="clickOnLogOutButton" time="2.949"/>
</testsuite> <!-- testscripts.HomeTest -->
