<?xml version="1.0" encoding="UTF-8"?>
<!-- Generated by org.testng.reporters.JUnitReportReporter -->
<testsuite hostname="HP_MAROOR" failures="0" tests="1" name="testscripts.FooterTest" time="4.992" errors="0" timestamp="2025-07-10T16:08:55 IST" skipped="0">
  <testcase classname="testscripts.FooterTest" name="clickAndUpdateOnFooterTab" time="4.992"/>
</testsuite> <!-- testscripts.FooterTest -->
