<?xml version="1.0" encoding="UTF-8"?>
<!-- Generated by org.testng.reporters.JUnitReportReporter -->
<testsuite hostname="HP_MAROOR" failures="0" tests="2" name="testscripts.ManageContactTest" time="7.853" errors="0" timestamp="2025-07-09T20:26:12 IST" skipped="0">
  <testcase classname="testscripts.ManageContactTest" name="VerifyUpdateButtonIsPresent" time="3.246"/>
  <testcase classname="testscripts.ManageContactTest" name="ClickOnManageContactTab" time="4.607"/>
</testsuite> <!-- testscripts.ManageContactTest -->
