<?xml version="1.0" encoding="UTF-8"?>
<!-- Generated by org.testng.reporters.JUnitReportReporter -->
<testsuite hostname="HP_MAROOR" failures="0" tests="2" name="testscripts.AdminUserTest" time="10.991" errors="0" timestamp="2025-07-10T16:12:16 IST" skipped="0">
  <testcase classname="testscripts.AdminUserTest" name="clickOnAdminUsersTab" time="4.267"/>
  <testcase classname="testscripts.AdminUserTest" name="updateExistingUserDetails" time="6.724"/>
</testsuite> <!-- testscripts.AdminUserTest -->
