<?xml version="1.0" encoding="UTF-8"?>
<!-- Generated by org.testng.reporters.JUnitReportReporter -->
<testsuite hostname="HP_MAROOR" failures="0" tests="2" name="testscripts.ManageNewsTest" time="12.492" errors="0" timestamp="2025-07-10T16:08:55 IST" skipped="0">
  <testcase classname="testscripts.ManageNewsTest" name="clickOnEditInManageNews" time="6.790"/>
  <testcase classname="testscripts.ManageNewsTest" name="clickOnMoreInfoInManageNews" time="5.702"/>
</testsuite> <!-- testscripts.ManageNewsTest -->
