<?xml version="1.0" encoding="UTF-8"?>
<!-- Generated by org.testng.reporters.JUnitReportReporter -->
<testsuite hostname="HP_MAROOR" failures="0" tests="1" name="testscripts.FooterTest" time="4.352" errors="0" timestamp="2025-07-09T20:26:12 IST" skipped="0">
  <testcase classname="testscripts.FooterTest" name="clickAndUpdateOnFooterTab" time="4.352"/>
</testsuite> <!-- testscripts.FooterTest -->
