<?xml version="1.0" encoding="UTF-8"?>
<!-- Generated by org.testng.reporters.JUnitReportReporter -->
<testsuite hostname="HP_MAROOR" failures="0" tests="2" name="testscripts.ManageNewsTest" time="21.808" errors="0" timestamp="2025-06-26T21:02:06 IST" skipped="0">
  <testcase classname="testscripts.ManageNewsTest" name="clickOnMoreInfoInManageNews" time="8.452"/>
  <testcase classname="testscripts.ManageNewsTest" name="clickOnEditInManageNews" time="13.356"/>
</testsuite> <!-- testscripts.ManageNewsTest -->
