<?xml version="1.0" encoding="UTF-8"?>
<!-- Generated by org.testng.reporters.JUnitReportReporter -->
<testsuite hostname="HP_MAROOR" failures="0" tests="2" name="testscripts.AdminUserTest" time="24.299" errors="0" timestamp="2025-06-26T21:02:06 IST" skipped="0">
  <testcase classname="testscripts.AdminUserTest" name="updateExistingUserDetails" time="13.626"/>
  <testcase classname="testscripts.AdminUserTest" name="clickOnAdminUsersTab" time="10.673"/>
</testsuite> <!-- testscripts.AdminUserTest -->
