<?xml version="1.0" encoding="UTF-8"?>
<!-- Generated by org.testng.reporters.JUnitReportReporter -->
<testsuite hostname="HP_MAROOR" failures="0" tests="4" name="testscripts.LoginTest" time="25.607" errors="0" timestamp="2025-06-26T21:02:06 IST" skipped="0">
  <testcase classname="testscripts.LoginTest" name="verifyTheUserIsAbleToLoginUsingInvalidPassCredentials" time="6.972"/>
  <testcase classname="testscripts.LoginTest" name="verifyTheUserIsAbleToLoginUsingInvalidUserCredentials" time="4.907"/>
  <testcase classname="testscripts.LoginTest" name="verifyTheUserIsAbleToLoginUsingValidCredentials" time="7.103"/>
  <testcase classname="testscripts.LoginTest" name="verifyTheUserIsAbleToLoginUsingInvalidUserAndPassCredentials" time="6.625"/>
</testsuite> <!-- testscripts.LoginTest -->
