<?xml version="1.0" encoding="UTF-8"?>
<!-- Generated by org.testng.reporters.JUnitReportReporter -->
<testsuite hostname="HP_MAROOR" failures="0" tests="2" name="testscripts.ManageContactTest" time="7.630" errors="0" timestamp="2025-07-02T19:10:14 IST" skipped="0">
  <testcase classname="testscripts.ManageContactTest" name="ClickOnManageContactTab" time="4.482"/>
  <testcase classname="testscripts.ManageContactTest" name="VerifyUpdateButtonIsPresent" time="3.148"/>
</testsuite> <!-- testscripts.ManageContactTest -->
