<?xml version="1.0" encoding="UTF-8"?>
<!-- Generated by org.testng.reporters.JUnitReportReporter -->
<testsuite hostname="HP_MAROOR" failures="0" tests="1" name="testscripts.ManageCategoryTest" time="15.989" errors="0" timestamp="2025-06-26T21:02:06 IST" skipped="0">
  <testcase classname="testscripts.ManageCategoryTest" name="addNewCategoryInManageCategoryPage" time="15.989"/>
</testsuite> <!-- testscripts.ManageCategoryTest -->
