<?xml version="1.0" encoding="UTF-8"?>
<!-- Generated by org.testng.reporters.JUnitReportReporter -->
<testsuite hostname="HP_MAROOR" failures="0" tests="1" name="testscripts.FooterTest" time="8.312" errors="0" timestamp="2025-06-26T21:02:06 IST" skipped="0">
  <testcase classname="testscripts.FooterTest" name="clickAndUpdateOnFooterTab" time="8.312"/>
</testsuite> <!-- testscripts.FooterTest -->
