<?xml version="1.0" encoding="UTF-8"?>
<!-- Generated by org.testng.reporters.JUnitReportReporter -->
<testsuite hostname="HP_MAROOR" failures="0" tests="2" name="testscripts.ManageNewsTest" time="9.166" errors="0" timestamp="2025-07-02T19:10:14 IST" skipped="0">
  <testcase classname="testscripts.ManageNewsTest" name="clickOnMoreInfoInManageNews" time="4.556"/>
  <testcase classname="testscripts.ManageNewsTest" name="clickOnEditInManageNews" time="4.610"/>
</testsuite> <!-- testscripts.ManageNewsTest -->
