<?xml version="1.0" encoding="UTF-8"?>
<!-- Generated by org.testng.reporters.JUnitReportReporter -->
<testsuite hostname="HP_MAROOR" failures="0" tests="2" name="testscripts.AdminUserTest" time="7.687" errors="0" timestamp="2025-07-02T19:10:14 IST" skipped="0">
  <testcase classname="testscripts.AdminUserTest" name="clickOnAdminUsersTab" time="3.850"/>
  <testcase classname="testscripts.AdminUserTest" name="updateExistingUserDetails" time="3.837"/>
</testsuite> <!-- testscripts.AdminUserTest -->
