<?xml version="1.0" encoding="UTF-8"?>
<!-- Generated by org.testng.reporters.JUnitReportReporter -->
<testsuite hostname="HP_MAROOR" failures="0" tests="2" name="testscripts.ManageContactTest" time="16.601" errors="0" timestamp="2025-06-26T21:02:06 IST" skipped="0">
  <testcase classname="testscripts.ManageContactTest" name="VerifyUpdateButtonIsPresent" time="7.170"/>
  <testcase classname="testscripts.ManageContactTest" name="ClickOnManageContactTab" time="9.431"/>
</testsuite> <!-- testscripts.ManageContactTest -->
