<?xml version="1.0" encoding="UTF-8"?>
<!-- Generated by org.testng.reporters.JUnitReportReporter -->
<testsuite hostname="HP_MAROOR" failures="0" tests="1" name="testscripts.ManageCategoryTest" time="14.836" errors="0" timestamp="2025-07-02T19:10:14 IST" skipped="0">
  <testcase classname="testscripts.ManageCategoryTest" name="addNewCategoryInManageCategoryPage" time="14.836"/>
</testsuite> <!-- testscripts.ManageCategoryTest -->
