<?xml version="1.0" encoding="UTF-8"?>
<!-- Generated by org.testng.reporters.JUnitReportReporter -->
<testsuite hostname="HP_MAROOR" failures="0" tests="1" name="testscripts.FooterTest" time="3.705" errors="0" timestamp="2025-07-02T19:10:14 IST" skipped="0">
  <testcase classname="testscripts.FooterTest" name="clickAndUpdateOnFooterTab" time="3.705"/>
</testsuite> <!-- testscripts.FooterTest -->
